Spark Command: /usr/lib/jvm/java-8-openjdk-amd64/jre/bin/java -cp /opt/spark-2.3.4-bin-hadoop2.7/conf/:/opt/spark-2.3.4-bin-hadoop2.7/jars/* -Xmx1g org.apache.spark.deploy.master.Master --host dbe2bcec854fd66cda1b0d80318294cab3802e19-c694874bc-gl5sm --port 7077 --webui-port 8080
========================================
2024-09-09 12:06:55 INFO  Master:2612 - Started daemon with process name: 45@dbe2bcec854fd66cda1b0d80318294cab3802e19-c694874bc-gl5sm
2024-09-09 12:06:55 INFO  SignalUtils:54 - Registered signal handler for TERM
2024-09-09 12:06:55 INFO  SignalUtils:54 - Registered signal handler for HUP
2024-09-09 12:06:55 INFO  SignalUtils:54 - Registered signal handler for INT
2024-09-09 12:06:56 WARN  NativeCodeLoader:62 - Unable to load native-hadoop library for your platform... using builtin-java classes where applicable
2024-09-09 12:06:56 INFO  SecurityManager:54 - Changing view acls to: root
2024-09-09 12:06:56 INFO  SecurityManager:54 - Changing modify acls to: root
2024-09-09 12:06:56 INFO  SecurityManager:54 - Changing view acls groups to: 
2024-09-09 12:06:56 INFO  SecurityManager:54 - Changing modify acls groups to: 
2024-09-09 12:06:56 INFO  SecurityManager:54 - SecurityManager: authentication disabled; ui acls disabled; users  with view permissions: Set(root); groups with view permissions: Set(); users  with modify permissions: Set(root); groups with modify permissions: Set()
2024-09-09 12:06:56 INFO  Utils:54 - Successfully started service 'sparkMaster' on port 7077.
2024-09-09 12:06:57 INFO  Master:54 - Starting Spark master at spark://dbe2bcec854fd66cda1b0d80318294cab3802e19-c694874bc-gl5sm:7077
2024-09-09 12:06:57 INFO  Master:54 - Running Spark version 2.3.4
2024-09-09 12:06:57 INFO  log:192 - Logging initialized @2928ms
2024-09-09 12:06:57 INFO  Server:351 - jetty-9.3.z-SNAPSHOT, build timestamp: unknown, git hash: unknown
2024-09-09 12:06:57 INFO  Server:419 - Started @3022ms
2024-09-09 12:06:57 INFO  AbstractConnector:278 - Started ServerConnector@79a89dfb{HTTP/1.1,[http/1.1]}{0.0.0.0:8080}
2024-09-09 12:06:57 INFO  Utils:54 - Successfully started service 'MasterUI' on port 8080.
2024-09-09 12:06:57 INFO  ContextHandler:781 - Started o.s.j.s.ServletContextHandler@35f20cbf{/app,null,AVAILABLE,@Spark}
2024-09-09 12:06:57 INFO  ContextHandler:781 - Started o.s.j.s.ServletContextHandler@490ac61c{/app/json,null,AVAILABLE,@Spark}
2024-09-09 12:06:57 INFO  ContextHandler:781 - Started o.s.j.s.ServletContextHandler@57fe4143{/,null,AVAILABLE,@Spark}
2024-09-09 12:06:57 INFO  ContextHandler:781 - Started o.s.j.s.ServletContextHandler@2d6db141{/json,null,AVAILABLE,@Spark}
2024-09-09 12:06:57 INFO  ContextHandler:781 - Started o.s.j.s.ServletContextHandler@32c8b8d6{/static,null,AVAILABLE,@Spark}
2024-09-09 12:06:57 INFO  ContextHandler:781 - Started o.s.j.s.ServletContextHandler@4393a56e{/app/kill,null,AVAILABLE,@Spark}
2024-09-09 12:06:57 INFO  ContextHandler:781 - Started o.s.j.s.ServletContextHandler@29abbec9{/driver/kill,null,AVAILABLE,@Spark}
2024-09-09 12:06:57 INFO  MasterWebUI:54 - Bound MasterWebUI to 0.0.0.0, and started at http://dbe2bcec854fd66cda1b0d80318294cab3802e19-c694874bc-gl5sm:8080
2024-09-09 12:06:57 INFO  Server:351 - jetty-9.3.z-SNAPSHOT, build timestamp: unknown, git hash: unknown
2024-09-09 12:06:57 INFO  ContextHandler:781 - Started o.s.j.s.ServletContextHandler@1cc6f985{/,null,AVAILABLE}
2024-09-09 12:06:57 INFO  AbstractConnector:278 - Started ServerConnector@1d93a45a{HTTP/1.1,[http/1.1]}{dbe2bcec854fd66cda1b0d80318294cab3802e19-c694874bc-gl5sm:6066}
2024-09-09 12:06:57 INFO  Server:419 - Started @3481ms
2024-09-09 12:06:57 INFO  Utils:54 - Successfully started service on port 6066.
2024-09-09 12:06:57 INFO  StandaloneRestServer:54 - Started REST server for submitting applications on port 6066
2024-09-09 12:06:57 INFO  ContextHandler:781 - Started o.s.j.s.ServletContextHandler@4ea31a02{/metrics/master/json,null,AVAILABLE,@Spark}
2024-09-09 12:06:57 INFO  ContextHandler:781 - Started o.s.j.s.ServletContextHandler@acaa6e3{/metrics/applications/json,null,AVAILABLE,@Spark}
2024-09-09 12:06:57 INFO  Master:54 - I have been elected leader! New state: ALIVE
