Spark Command: /usr/lib/jvm/java-8-openjdk-amd64/jre/bin/java -cp /opt/spark-2.3.4-bin-hadoop2.7/conf/:/opt/spark-2.3.4-bin-hadoop2.7/jars/* -Xmx1g org.apache.spark.deploy.worker.Worker --webui-port 8081 spark://dbe2bcec854fd66cda1b0d80318294cab3802e19-c694874bc-gl5sm:7077
========================================
2024-09-09 12:15:41 INFO  Worker:2612 - Started daemon with process name: 247@dbe2bcec854fd66cda1b0d80318294cab3802e19-c694874bc-gl5sm
2024-09-09 12:15:41 INFO  SignalUtils:54 - Registered signal handler for TERM
2024-09-09 12:15:41 INFO  SignalUtils:54 - Registered signal handler for HUP
2024-09-09 12:15:41 INFO  SignalUtils:54 - Registered signal handler for INT
2024-09-09 12:15:42 WARN  NativeCodeLoader:62 - Unable to load native-hadoop library for your platform... using builtin-java classes where applicable
2024-09-09 12:15:42 INFO  SecurityManager:54 - Changing view acls to: root
2024-09-09 12:15:42 INFO  SecurityManager:54 - Changing modify acls to: root
2024-09-09 12:15:42 INFO  SecurityManager:54 - Changing view acls groups to: 
2024-09-09 12:15:42 INFO  SecurityManager:54 - Changing modify acls groups to: 
2024-09-09 12:15:42 INFO  SecurityManager:54 - SecurityManager: authentication disabled; ui acls disabled; users  with view permissions: Set(root); groups with view permissions: Set(); users  with modify permissions: Set(root); groups with modify permissions: Set()
2024-09-09 12:15:42 INFO  Utils:54 - Successfully started service 'sparkWorker' on port 34327.
2024-09-09 12:15:43 INFO  Worker:54 - Starting Spark worker 10.124.23.191:34327 with 16 cores, 124.8 GB RAM
2024-09-09 12:15:43 INFO  Worker:54 - Running Spark version 2.3.4
2024-09-09 12:15:43 INFO  Worker:54 - Spark home: /opt/spark-2.3.4-bin-hadoop2.7
2024-09-09 12:15:43 INFO  log:192 - Logging initialized @3327ms
2024-09-09 12:15:43 INFO  Server:351 - jetty-9.3.z-SNAPSHOT, build timestamp: unknown, git hash: unknown
2024-09-09 12:15:43 INFO  Server:419 - Started @3394ms
2024-09-09 12:15:43 INFO  AbstractConnector:278 - Started ServerConnector@21581e6c{HTTP/1.1,[http/1.1]}{0.0.0.0:8081}
2024-09-09 12:15:43 INFO  Utils:54 - Successfully started service 'WorkerUI' on port 8081.
2024-09-09 12:15:43 INFO  ContextHandler:781 - Started o.s.j.s.ServletContextHandler@138dbfe8{/logPage,null,AVAILABLE,@Spark}
2024-09-09 12:15:43 INFO  ContextHandler:781 - Started o.s.j.s.ServletContextHandler@3aa1f942{/logPage/json,null,AVAILABLE,@Spark}
2024-09-09 12:15:43 INFO  ContextHandler:781 - Started o.s.j.s.ServletContextHandler@5802f7c2{/,null,AVAILABLE,@Spark}
2024-09-09 12:15:43 INFO  ContextHandler:781 - Started o.s.j.s.ServletContextHandler@4693646{/json,null,AVAILABLE,@Spark}
2024-09-09 12:15:43 INFO  ContextHandler:781 - Started o.s.j.s.ServletContextHandler@31b7b460{/static,null,AVAILABLE,@Spark}
2024-09-09 12:15:43 INFO  ContextHandler:781 - Started o.s.j.s.ServletContextHandler@7a986986{/log,null,AVAILABLE,@Spark}
2024-09-09 12:15:43 INFO  WorkerWebUI:54 - Bound WorkerWebUI to 0.0.0.0, and started at http://dbe2bcec854fd66cda1b0d80318294cab3802e19-c694874bc-gl5sm:8081
2024-09-09 12:15:43 INFO  Worker:54 - Connecting to master dbe2bcec854fd66cda1b0d80318294cab3802e19-c694874bc-gl5sm:7077...
2024-09-09 12:15:43 INFO  ContextHandler:781 - Started o.s.j.s.ServletContextHandler@7bf2937b{/metrics/json,null,AVAILABLE,@Spark}
2024-09-09 12:15:43 INFO  TransportClientFactory:267 - Successfully created connection to dbe2bcec854fd66cda1b0d80318294cab3802e19-c694874bc-gl5sm/10.124.23.191:7077 after 96 ms (0 ms spent in bootstraps)
2024-09-09 12:15:44 INFO  Worker:54 - Successfully registered with master spark://dbe2bcec854fd66cda1b0d80318294cab3802e19-c694874bc-gl5sm:7077
